<?xml version="1.0" encoding="UTF-8"?>
<!-- Generated by org.testng.reporters.JUnitXMLReporter -->
<testsuite ignored="0" hostname="COK1LWH0QLJM2" failures="2" tests="5" name="Test" time="7.678" errors="0" timestamp="2021-06-05T22:34:53 IST">
  <testcase classname="com.qa.weq.DemoTest" name="TesMultiplication" time="0.013"/>
  <testcase classname="com.qa.weq.DemoTest" name="TestAddition" time="0.003"/>
  <testcase classname="com.qa.weq.DemoTest" name="TestSubstraction" time="0.002"/>
  <testcase classname="com.qa.weq.CaptureScreenShot" name="Logos" time="0.023">
    <failure type="java.lang.AssertionError" message="expected [gooogle] but found [Google]">
      <![CDATA[java.lang.AssertionError: expected [gooogle] but found [Google]
at com.qa.weq.CaptureScreenShot.Logos(CaptureScreenShot.java:41)
at java.base/java.util.concurrent.ThreadPoolExecutor.runWorker(ThreadPoolExecutor.java:1130)
at java.base/java.util.concurrent.ThreadPoolExecutor$Worker.run(ThreadPoolExecutor.java:630)
at java.base/java.lang.Thread.run(Thread.java:831)
... Removed 18 stack frames]]>
    </failure>
  </testcase> <!-- Logos -->
  <testcase classname="com.qa.weq.CaptureScreenShot" name="TitleOfPages" time="0.013">
    <failure type="java.lang.AssertionError" message="expected [gooogle] but found [Google]">
      <![CDATA[java.lang.AssertionError: expected [gooogle] but found [Google]
at com.qa.weq.CaptureScreenShot.TitleOfPages(CaptureScreenShot.java:32)
at java.base/java.util.concurrent.ThreadPoolExecutor.runWorker(ThreadPoolExecutor.java:1130)
at java.base/java.util.concurrent.ThreadPoolExecutor$Worker.run(ThreadPoolExecutor.java:630)
at java.base/java.lang.Thread.run(Thread.java:831)
... Removed 18 stack frames]]>
    </failure>
  </testcase> <!-- TitleOfPages -->
</testsuite> <!-- Test -->
